[2022-11-28T11:47:06.058Z][QUERY]: SELECT * FROM current_schema()
[2022-11-28T11:47:06.073Z][QUERY]: SELECT version();
[2022-11-28T11:47:06.078Z][QUERY]: START TRANSACTION
[2022-11-28T11:47:06.084Z][QUERY]: SELECT * FROM "information_schema"."tables" WHERE "table_schema" = 'public' AND "table_name" = 'typeorm_metadata'
[2022-11-28T11:47:06.089Z][QUERY]: COMMIT
[2022-11-28T11:47:25.716Z][QUERY]: SELECT * FROM current_schema()
[2022-11-28T11:47:25.730Z][QUERY]: SELECT version();
[2022-11-28T11:47:25.734Z][QUERY]: START TRANSACTION
[2022-11-28T11:47:25.737Z][QUERY]: SELECT * FROM "information_schema"."tables" WHERE "table_schema" = 'public' AND "table_name" = 'typeorm_metadata'
[2022-11-28T11:47:25.746Z][QUERY]: COMMIT
[2022-11-28T11:48:14.058Z][QUERY]: SELECT * FROM current_schema()
[2022-11-28T11:48:14.070Z][QUERY]: SELECT version();
[2022-11-28T11:48:14.075Z][QUERY]: START TRANSACTION
[2022-11-28T11:48:14.079Z][QUERY]: SELECT * FROM "information_schema"."tables" WHERE "table_schema" = 'public' AND "table_name" = 'typeorm_metadata'
[2022-11-28T11:48:14.085Z][QUERY]: COMMIT
[2022-11-28T11:48:34.051Z][QUERY]: SELECT * FROM current_schema()
[2022-11-28T11:48:34.077Z][QUERY]: SELECT version();
[2022-11-28T11:48:34.086Z][QUERY]: START TRANSACTION
[2022-11-28T11:48:34.095Z][QUERY]: SELECT * FROM "information_schema"."tables" WHERE "table_schema" = 'public' AND "table_name" = 'typeorm_metadata'
[2022-11-28T11:48:34.121Z][QUERY]: COMMIT
